<?xml version="1.0" encoding="UTF-8"?>
<!-- Generated by org.testng.reporters.JUnitXMLReporter -->
<testsuite hostname="DESKTOP-77V517J" ignored="4" name="Test" tests="4" failures="0" timestamp="12 Feb 2020 09:17:28 GMT" time="0.032" errors="0">
  <testcase name="test1" time="0.0" classname="org.testng.selenium.GroupBy"/>
  <testcase name="test3" time="0.0" classname="org.testng.selenium.GroupBy"/>
  <testcase name="test5" time="0.0" classname="org.testng.selenium.GroupBy"/>
  <testcase name="test7" time="0.0" classname="org.testng.selenium.GroupBy"/>
  <testcase name="test2" time="0.0" classname="org.testng.selenium.GroupBy">
    <ignored/>
  </testcase> <!-- test2 -->
  <testcase name="test4" time="0.0" classname="org.testng.selenium.GroupBy">
    <ignored/>
  </testcase> <!-- test4 -->
  <testcase name="test6" time="0.0" classname="org.testng.selenium.GroupBy">
    <ignored/>
  </testcase> <!-- test6 -->
  <testcase name="test8" time="0.0" classname="org.testng.selenium.GroupBy">
    <ignored/>
  </testcase> <!-- test8 -->
</testsuite> <!-- Test -->
